<?xml version="1.0" encoding="UTF-8"?>
<!-- Generated by org.testng.reporters.JUnitReportReporter -->
<testsuite skipped="12" hostname="EPBYMINW7576" name="TestClass" tests="31" failures="0" timestamp="13 Mar 2019 14:58:57 GMT" time="48.935" errors="1">
  <testcase name="beforeClass" time="41.242" classname="TestClass">
    <error type="org.openqa.selenium.TimeoutException" message="Expected condition failed: waiting for visibility of all [[[ChromeDriver: chrome on XP (d18afbf678044301913879dcd4a1d559)] -&gt; xpath: //div[@id=&#039;select_container_59&#039;]//md-option/div[@class = &#039;md-text&#039;]], [[ChromeDriver: chrome on XP (d18afbf678044301913879dcd4a1d559)] -&gt; xpath: //div[@id=&#039;select_container_59&#039;]//md-option/div[@class = &#039;md-text&#039;]], [[ChromeDriver: chrome on XP (d18afbf678044301913879dcd4a1d559)] -&gt; xpath: //div[@id=&#039;select_container_59&#039;]//md-option/div[@class = &#039;md-text&#039;]], [[ChromeDriver: chrome on XP (d18afbf678044301913879dcd4a1d559)] -&gt; xpath: //div[@id=&#039;select_container_59&#039;]//md-option/div[@class = &#039;md-text&#039;]], [[ChromeDriver: chrome on XP (d18afbf678044301913879dcd4a1d559)] -&gt; xpath: //div[@id=&#039;select_container_59&#039;]//md-option/div[@class = &#039;md-text&#039;]], [[ChromeDriver: chrome on XP (d18afbf678044301913879dcd4a1d559)] -&gt; xpath: //div[@id=&#039;select_container_59&#039;]//md-option/div[@class = &#039;md-text&#039;]], [[ChromeDriver: chrome on XP (d18afbf678044301913879dcd4a1d559)] -&gt; xpath: //div[@id=&#039;select_container_59&#039;]//md-option/div[@class = &#039;md-text&#039;]], [[ChromeDriver: chrome on XP (d18afbf678044301913879dcd4a1d559)] -&gt; xpath: //div[@id=&#039;select_container_59&#039;]//md-option/div[@class = &#039;md-text&#039;]], [[ChromeDriver: chrome on XP (d18afbf678044301913879dcd4a1d559)] -&gt; xpath: //div[@id=&#039;select_container_59&#039;]//md-option/div[@class = &#039;md-text&#039;]], [[ChromeDriver: chrome on XP (d18afbf678044301913879dcd4a1d559)] -&gt; xpath: //div[@id=&#039;select_container_59&#039;]//md-option/div[@class = &#039;md-text&#039;]]] (tried for 8 second(s) with 500 milliseconds interval)
Build info: version: &#039;3.141.59&#039;, revision: &#039;e82be7d358&#039;, time: &#039;2018-11-14T08:17:03&#039;
System info: host: &#039;EPBYMINW7576&#039;, ip: &#039;192.168.56.1&#039;, os.name: &#039;Windows 10&#039;, os.arch: &#039;amd64&#039;, os.version: &#039;10.0&#039;, java.version: &#039;1.8.0_202&#039;
Driver info: org.openqa.selenium.chrome.ChromeDriver
Capabilities {acceptInsecureCerts: false, acceptSslCerts: false, applicationCacheEnabled: false, browserConnectionEnabled: false, browserName: chrome, chrome: {chromedriverVersion: 72.0.3626.69 (3c16f8a135abc..., userDataDir: C:\Users\YAUHEN~1\AppData\L...}, cssSelectorsEnabled: true, databaseEnabled: false, goog:chromeOptions: {debuggerAddress: localhost:50717}, handlesAlerts: true, hasTouchScreen: false, javascriptEnabled: true, locationContextEnabled: true, mobileEmulationEnabled: false, nativeEvents: true, networkConnectionEnabled: false, pageLoadStrategy: normal, platform: XP, platformName: XP, proxy: Proxy(), rotatable: false, setWindowRect: true, takesHeapSnapshot: true, takesScreenshot: true, timeouts: {implicit: 0, pageLoad: 300000, script: 30000}, unexpectedAlertBehaviour: ignore, unhandledPromptBehavior: ignore, version: 72.0.3626.121, webStorageEnabled: true}
Session ID: d18afbf678044301913879dcd4a1d559">
      <![CDATA[org.openqa.selenium.TimeoutException: Expected condition failed: waiting for visibility of all [[[ChromeDriver: chrome on XP (d18afbf678044301913879dcd4a1d559)] -> xpath: //div[@id='select_container_59']//md-option/div[@class = 'md-text']], [[ChromeDriver: chrome on XP (d18afbf678044301913879dcd4a1d559)] -> xpath: //div[@id='select_container_59']//md-option/div[@class = 'md-text']], [[ChromeDriver: chrome on XP (d18afbf678044301913879dcd4a1d559)] -> xpath: //div[@id='select_container_59']//md-option/div[@class = 'md-text']], [[ChromeDriver: chrome on XP (d18afbf678044301913879dcd4a1d559)] -> xpath: //div[@id='select_container_59']//md-option/div[@class = 'md-text']], [[ChromeDriver: chrome on XP (d18afbf678044301913879dcd4a1d559)] -> xpath: //div[@id='select_container_59']//md-option/div[@class = 'md-text']], [[ChromeDriver: chrome on XP (d18afbf678044301913879dcd4a1d559)] -> xpath: //div[@id='select_container_59']//md-option/div[@class = 'md-text']], [[ChromeDriver: chrome on XP (d18afbf678044301913879dcd4a1d559)] -> xpath: //div[@id='select_container_59']//md-option/div[@class = 'md-text']], [[ChromeDriver: chrome on XP (d18afbf678044301913879dcd4a1d559)] -> xpath: //div[@id='select_container_59']//md-option/div[@class = 'md-text']], [[ChromeDriver: chrome on XP (d18afbf678044301913879dcd4a1d559)] -> xpath: //div[@id='select_container_59']//md-option/div[@class = 'md-text']], [[ChromeDriver: chrome on XP (d18afbf678044301913879dcd4a1d559)] -> xpath: //div[@id='select_container_59']//md-option/div[@class = 'md-text']]] (tried for 8 second(s) with 500 milliseconds interval)
Build info: version: '3.141.59', revision: 'e82be7d358', time: '2018-11-14T08:17:03'
System info: host: 'EPBYMINW7576', ip: '192.168.56.1', os.name: 'Windows 10', os.arch: 'amd64', os.version: '10.0', java.version: '1.8.0_202'
Driver info: org.openqa.selenium.chrome.ChromeDriver
Capabilities {acceptInsecureCerts: false, acceptSslCerts: false, applicationCacheEnabled: false, browserConnectionEnabled: false, browserName: chrome, chrome: {chromedriverVersion: 72.0.3626.69 (3c16f8a135abc..., userDataDir: C:\Users\YAUHEN~1\AppData\L...}, cssSelectorsEnabled: true, databaseEnabled: false, goog:chromeOptions: {debuggerAddress: localhost:50717}, handlesAlerts: true, hasTouchScreen: false, javascriptEnabled: true, locationContextEnabled: true, mobileEmulationEnabled: false, nativeEvents: true, networkConnectionEnabled: false, pageLoadStrategy: normal, platform: XP, platformName: XP, proxy: Proxy(), rotatable: false, setWindowRect: true, takesHeapSnapshot: true, takesScreenshot: true, timeouts: {implicit: 0, pageLoad: 300000, script: 30000}, unexpectedAlertBehaviour: ignore, unhandledPromptBehavior: ignore, version: 72.0.3626.121, webStorageEnabled: true}
Session ID: d18afbf678044301913879dcd4a1d559
at org.openqa.selenium.support.ui.WebDriverWait.timeoutException(WebDriverWait.java:95)
at org.openqa.selenium.support.ui.FluentWait.until(FluentWait.java:272)
at pages_objects.PO_Abstract.selectValueFromDropDownMenu(PO_Abstract.java:38)
at pages_objects.PO_Abstract.clickMenuAndSelectValue(PO_Abstract.java:48)
at pages_objects.cloud_google.PO_Frame.selectOperatingSystem(PO_Frame.java:101)
at TestClass.fillCalculatorForm(TestClass.java:173)
at TestClass.beforeClass(TestClass.java:57)
at sun.reflect.NativeMethodAccessorImpl.invoke0(Native Method)
at sun.reflect.NativeMethodAccessorImpl.invoke(NativeMethodAccessorImpl.java:62)
at sun.reflect.DelegatingMethodAccessorImpl.invoke(DelegatingMethodAccessorImpl.java:43)
at java.lang.reflect.Method.invoke(Method.java:498)
at org.testng.internal.MethodInvocationHelper.invokeMethod(MethodInvocationHelper.java:124)
at org.testng.internal.MethodInvocationHelper.invokeMethodConsideringTimeout(MethodInvocationHelper.java:59)
at org.testng.internal.Invoker.invokeConfigurationMethod(Invoker.java:458)
at org.testng.internal.Invoker.invokeConfigurations(Invoker.java:222)
at org.testng.internal.Invoker.invokeConfigurations(Invoker.java:142)
at org.testng.internal.TestMethodWorker.invokeBeforeClassMethods(TestMethodWorker.java:168)
at org.testng.internal.TestMethodWorker.run(TestMethodWorker.java:105)
at org.testng.TestRunner.privateRun(TestRunner.java:648)
at org.testng.TestRunner.run(TestRunner.java:505)
at org.testng.SuiteRunner.runTest(SuiteRunner.java:455)
at org.testng.SuiteRunner.runSequentially(SuiteRunner.java:450)
at org.testng.SuiteRunner.privateRun(SuiteRunner.java:415)
at org.testng.SuiteRunner.run(SuiteRunner.java:364)
at org.testng.SuiteRunnerWorker.runSuite(SuiteRunnerWorker.java:52)
at org.testng.SuiteRunnerWorker.run(SuiteRunnerWorker.java:84)
at org.testng.TestNG.runSuitesSequentially(TestNG.java:1208)
at org.testng.TestNG.runSuitesLocally(TestNG.java:1137)
at org.testng.TestNG.runSuites(TestNG.java:1049)
at org.testng.TestNG.run(TestNG.java:1017)
at org.testng.IDEARemoteTestNG.run(IDEARemoteTestNG.java:73)
at org.testng.RemoteTestNGStarter.main(RemoteTestNGStarter.java:123)
]]>
    </error>
  </testcase> <!-- beforeClass -->
  <testcase name="testIsFilledFormCorrect" time="0.700" classname="TestClass"/>
  <testcase name="testIsFilledFormCorrect" time="0.729" classname="TestClass"/>
  <testcase name="testIsFilledFormCorrect" time="0.707" classname="TestClass"/>
  <testcase name="testIsFilledFormCorrect" time="0.000" classname="TestClass">
    <skipped/>
  </testcase> <!-- testIsFilledFormCorrect -->
  <testcase name="testIsFilledFormCorrect" time="0.769" classname="TestClass"/>
  <testcase name="testIsFilledFormCorrect" time="0.737" classname="TestClass"/>
  <testcase name="testIsFilledFormCorrect" time="0.720" classname="TestClass"/>
  <testcase name="testIsFilledFormCorrect" time="1.080" classname="TestClass"/>
  <testcase name="testIsFilledFormCorrect" time="0.746" classname="TestClass"/>
  <testcase name="testIsFilledFormCorrect" time="0.754" classname="TestClass"/>
  <testcase name="testTotalEstimatedCost" time="0.081" classname="TestClass"/>
  <testcase name="testTotalEstimatedCost" time="0.088" classname="TestClass"/>
  <testcase name="testTotalEstimatedCost" time="0.083" classname="TestClass"/>
  <testcase name="testTotalEstimatedCost" time="0.078" classname="TestClass"/>
  <testcase name="testTotalEstimatedCost" time="0.073" classname="TestClass"/>
  <testcase name="testTotalEstimatedCost" time="0.078" classname="TestClass"/>
  <testcase name="testTotalEstimatedCost" time="0.087" classname="TestClass"/>
  <testcase name="testTotalEstimatedCost" time="0.096" classname="TestClass"/>
  <testcase name="testTotalEstimatedCost" time="0.087" classname="TestClass"/>
  <testcase name="testTotalEstimatedCost" time="0.000" classname="TestClass">
    <skipped/>
  </testcase> <!-- testTotalEstimatedCost -->
  <testcase name="testGettingCalculationsOnEmail" classname="TestClass">
    <skipped/>
  </testcase> <!-- testGettingCalculationsOnEmail -->
  <testcase name="testGettingCalculationsOnEmail" classname="TestClass">
    <skipped/>
  </testcase> <!-- testGettingCalculationsOnEmail -->
  <testcase name="testGettingCalculationsOnEmail" classname="TestClass">
    <skipped/>
  </testcase> <!-- testGettingCalculationsOnEmail -->
  <testcase name="testGettingCalculationsOnEmail" classname="TestClass">
    <skipped/>
  </testcase> <!-- testGettingCalculationsOnEmail -->
  <testcase name="testGettingCalculationsOnEmail" classname="TestClass">
    <skipped/>
  </testcase> <!-- testGettingCalculationsOnEmail -->
  <testcase name="testGettingCalculationsOnEmail" classname="TestClass">
    <skipped/>
  </testcase> <!-- testGettingCalculationsOnEmail -->
  <testcase name="testGettingCalculationsOnEmail" classname="TestClass">
    <skipped/>
  </testcase> <!-- testGettingCalculationsOnEmail -->
  <testcase name="testGettingCalculationsOnEmail" classname="TestClass">
    <skipped/>
  </testcase> <!-- testGettingCalculationsOnEmail -->
  <testcase name="testGettingCalculationsOnEmail" classname="TestClass">
    <skipped/>
  </testcase> <!-- testGettingCalculationsOnEmail -->
  <testcase name="testGettingCalculationsOnEmail" classname="TestClass">
    <skipped/>
  </testcase> <!-- testGettingCalculationsOnEmail -->
</testsuite> <!-- TestClass -->
