<?xml version="1.0" encoding="UTF-8"?>
<!-- Generated by org.testng.reporters.JUnitReportReporter -->
<testsuite skipped="10" hostname="EPBYMINW7576" name="TestClass" tests="30" failures="0" timestamp="13 Mar 2019 10:43:23 GMT" time="11.262" errors="0">
  <testcase name="testIsFilledFormCorrect" time="1.083" classname="TestClass"/>
  <testcase name="testIsFilledFormCorrect" time="1.089" classname="TestClass"/>
  <testcase name="testIsFilledFormCorrect" time="0.823" classname="TestClass"/>
  <testcase name="testIsFilledFormCorrect" time="0.961" classname="TestClass"/>
  <testcase name="testIsFilledFormCorrect" time="1.347" classname="TestClass"/>
  <testcase name="testIsFilledFormCorrect" time="1.213" classname="TestClass"/>
  <testcase name="testIsFilledFormCorrect" time="0.842" classname="TestClass"/>
  <testcase name="testIsFilledFormCorrect" time="0.906" classname="TestClass"/>
  <testcase name="testIsFilledFormCorrect" time="1.050" classname="TestClass"/>
  <testcase name="testIsFilledFormCorrect" time="0.948" classname="TestClass"/>
  <testcase name="testTotalEstimatedCost" time="0.085" classname="TestClass"/>
  <testcase name="testTotalEstimatedCost" time="0.094" classname="TestClass"/>
  <testcase name="testTotalEstimatedCost" time="0.115" classname="TestClass"/>
  <testcase name="testTotalEstimatedCost" time="0.118" classname="TestClass"/>
  <testcase name="testTotalEstimatedCost" time="0.087" classname="TestClass"/>
  <testcase name="testTotalEstimatedCost" time="0.111" classname="TestClass"/>
  <testcase name="testTotalEstimatedCost" time="0.105" classname="TestClass"/>
  <testcase name="testTotalEstimatedCost" time="0.089" classname="TestClass"/>
  <testcase name="testTotalEstimatedCost" time="0.115" classname="TestClass"/>
  <testcase name="testTotalEstimatedCost" time="0.081" classname="TestClass"/>
  <testcase name="testGettingCalculationsOnEmail" classname="TestClass">
    <skipped/>
  </testcase> <!-- testGettingCalculationsOnEmail -->
  <testcase name="testGettingCalculationsOnEmail" classname="TestClass">
    <skipped/>
  </testcase> <!-- testGettingCalculationsOnEmail -->
  <testcase name="testGettingCalculationsOnEmail" classname="TestClass">
    <skipped/>
  </testcase> <!-- testGettingCalculationsOnEmail -->
  <testcase name="testGettingCalculationsOnEmail" classname="TestClass">
    <skipped/>
  </testcase> <!-- testGettingCalculationsOnEmail -->
  <testcase name="testGettingCalculationsOnEmail" classname="TestClass">
    <skipped/>
  </testcase> <!-- testGettingCalculationsOnEmail -->
  <testcase name="testGettingCalculationsOnEmail" classname="TestClass">
    <skipped/>
  </testcase> <!-- testGettingCalculationsOnEmail -->
  <testcase name="testGettingCalculationsOnEmail" classname="TestClass">
    <skipped/>
  </testcase> <!-- testGettingCalculationsOnEmail -->
  <testcase name="testGettingCalculationsOnEmail" classname="TestClass">
    <skipped/>
  </testcase> <!-- testGettingCalculationsOnEmail -->
  <testcase name="testGettingCalculationsOnEmail" classname="TestClass">
    <skipped/>
  </testcase> <!-- testGettingCalculationsOnEmail -->
  <testcase name="testGettingCalculationsOnEmail" classname="TestClass">
    <skipped/>
  </testcase> <!-- testGettingCalculationsOnEmail -->
</testsuite> <!-- TestClass -->
